
> flokicoin-indexer@1.0.0 start
> tsx index.ts -indexer -api

[11/13/2025, 4:17:18 PM] [Database] Connecting to database...
[11/13/2025, 4:17:19 PM] [Database] Database connection established
Connected!
Server running at PORT:  3005
[11/13/2025, 4:17:19 PM] [Info] Processing block 190387...
[11/13/2025, 4:17:19 PM] [Info] Processing block 190388...
[11/13/2025, 4:17:19 PM] [Info] Processing block 190389...
[11/13/2025, 4:17:19 PM] [Info] Processing block 190390...
[11/13/2025, 4:17:19 PM] [Info] Processing block 190391...
[11/13/2025, 4:17:19 PM] [Info] Processing block 190392...
[11/13/2025, 4:17:19 PM] [Info] Processing block 190393...
[11/13/2025, 4:17:19 PM] [Info] Processing block 190394...
[11/13/2025, 4:17:19 PM] [Info] Processing block 190395...
[11/13/2025, 4:17:19 PM] [Info] Processing block 190396...
[11/13/2025, 4:17:19 PM] [Info] Processing block 190397...
[11/13/2025, 4:17:19 PM] [Info] Processing block 190398...
[11/13/2025, 4:17:20 PM] [Info] Processing block 190399...
[11/13/2025, 4:17:20 PM] [Info] Processing block 190400...
[11/13/2025, 4:17:20 PM] [Info] Processing block 190401...
[11/13/2025, 4:17:20 PM] [Info] Processing block 190402...
[11/13/2025, 4:17:20 PM] [Info] Processing block 190403...
[11/13/2025, 4:17:20 PM] [Info] Processing block 190404...
[11/13/2025, 4:17:20 PM] [Info] Processing block 190405...
[11/13/2025, 4:17:20 PM] [Info] Processing block 190406...
[11/13/2025, 4:17:20 PM] [Info] Processing block 190407...
[11/13/2025, 4:17:20 PM] [Info] Processing block 190408...
[11/13/2025, 4:17:20 PM] [Info] Processing block 190409...
[11/13/2025, 4:17:20 PM] [Info] Processing block 190410...
[11/13/2025, 4:17:20 PM] [Info] Processing block 190411...
[11/13/2025, 4:17:20 PM] [Info] Processing block 190412...
[11/13/2025, 4:17:21 PM] [Info] Processing block 190413...
[11/13/2025, 4:17:21 PM] [Info] Processing block 190414...
[11/13/2025, 4:17:21 PM] [Info] Processing block 190415...
[11/13/2025, 4:17:21 PM] [Info] Processing block 190416...
[11/13/2025, 4:17:21 PM] [Info] Processing block 190417...
[11/13/2025, 4:17:21 PM] [Info] Processing block 190418...
[11/13/2025, 4:17:21 PM] [Info] Processing block 190419...
[11/13/2025, 4:17:21 PM] [Info] Processing block 190420...
[11/13/2025, 4:17:21 PM] [Info] Processing block 190421...
[11/13/2025, 4:17:21 PM] [Info] Processing block 190422...
[11/13/2025, 4:17:21 PM] [Info] Processing block 190423...
[11/13/2025, 4:17:21 PM] [Info] Processing block 190424...
[11/13/2025, 4:17:21 PM] [Info] Processing block 190425...
[11/13/2025, 4:17:22 PM] [Info] Processing block 190426...
[11/13/2025, 4:17:22 PM] [Info] Processing block 190427...
[11/13/2025, 4:17:22 PM] [Info] Processing block 190428...
[11/13/2025, 4:17:22 PM] [Info] Processing block 190429...
[11/13/2025, 4:17:22 PM] [Info] Processing block 190430...
[11/13/2025, 4:17:22 PM] [Info] Processing block 190431...
[11/13/2025, 4:17:22 PM] [Info] Processing block 190432...
[11/13/2025, 4:17:22 PM] [Info] Processing block 190433...
[11/13/2025, 4:17:22 PM] [Info] Processing block 190434...
[11/13/2025, 4:17:22 PM] [Info] Processing block 190435...
[11/13/2025, 4:17:22 PM] [Info] Processing block 190436...
[11/13/2025, 4:17:22 PM] [Info] Processing block 190437...
[11/13/2025, 4:17:22 PM] [Info] Processing block 190438...
[11/13/2025, 4:17:22 PM] [Info] Processing block 190439...
[11/13/2025, 4:17:22 PM] [Info] Processing block 190440...
[11/13/2025, 4:17:22 PM] [Info] Processing block 190441...
[11/13/2025, 4:17:22 PM] [Info] Processing block 190442...
[11/13/2025, 4:17:22 PM] [Info] Processing block 190443...
[11/13/2025, 4:17:22 PM] [Info] Processing block 190444...
[11/13/2025, 4:17:22 PM] [Info] Processing block 190445...
[11/13/2025, 4:17:22 PM] [Info] Processing block 190446...
[11/13/2025, 4:17:22 PM] [Info] Processing block 190447...
[11/13/2025, 4:17:22 PM] [Info] Processing block 190448...
[11/13/2025, 4:17:22 PM] [Info] Processing block 190449...
[11/13/2025, 4:17:22 PM] [Info] Processing block 190450...
[11/13/2025, 4:17:22 PM] [Info] Processing block 190451...
[11/13/2025, 4:17:22 PM] [Info] Processing block 190452...
[11/13/2025, 4:17:22 PM] [Info] Processing block 190453...
[11/13/2025, 4:17:22 PM] [Info] Processing block 190454...
[11/13/2025, 4:17:22 PM] [Info] Processing block 190455...
[11/13/2025, 4:17:22 PM] [Info] Processing block 190456...
[11/13/2025, 4:17:22 PM] [Info] Processing block 190457...
[11/13/2025, 4:17:22 PM] [Info] Processing block 190458...
[11/13/2025, 4:17:22 PM] [Info] Processing block 190459...
[11/13/2025, 4:17:22 PM] [Info] Processing block 190460...
[11/13/2025, 4:17:22 PM] [Info] Processing block 190461...
[11/13/2025, 4:17:23 PM] [Info] Processing block 190462...
[11/13/2025, 4:17:23 PM] [Info] Processing block 190463...
[11/13/2025, 4:17:23 PM] [Info] Processing block 190464...
[11/13/2025, 4:17:23 PM] [Info] Processing block 190465...
[11/13/2025, 4:17:23 PM] [Info] Processing block 190466...
[11/13/2025, 4:17:23 PM] [Info] Processing block 190467...
[11/13/2025, 4:17:23 PM] [Info] Processing block 190468...
[11/13/2025, 4:17:23 PM] [Info] Processing block 190469...
[11/13/2025, 4:17:23 PM] [Info] Processing block 190470...
[11/13/2025, 4:17:23 PM] [Info] Processing block 190471...
[11/13/2025, 4:17:23 PM] [Info] Processing block 190472...
[11/13/2025, 4:17:23 PM] [Info] Processing block 190473...
[11/13/2025, 4:17:23 PM] [Info] Processing block 190474...
[11/13/2025, 4:17:23 PM] [Info] Error processing block 190474
[11/13/2025, 4:17:23 PM] [Info] Waiting for new blocks...

> wojak-indexer@1.0.0 start
> tsx index.ts -new -indexer -api

[12/7/2025, 4:06:18 PM] [Database] Connecting to database...
[12/7/2025, 4:06:19 PM] [Database] Database connection established
Connected!
Server running at PORT:  3070
[12/7/2025, 4:06:19 PM] [Info] Processing block 0...
[12/7/2025, 4:06:19 PM] [Info] Processing block 1...
[12/7/2025, 4:06:19 PM] [Info] Processing block 2...
[12/7/2025, 4:06:19 PM] [Info] Processing block 3...
[12/7/2025, 4:06:19 PM] [Info] Processing block 4...
[12/7/2025, 4:06:19 PM] [Info] Processing block 5...
[12/7/2025, 4:06:19 PM] [Info] Processing block 6...
[12/7/2025, 4:06:19 PM] [Info] Processing block 7...
[12/7/2025, 4:06:19 PM] [Info] Processing block 8...
[12/7/2025, 4:06:19 PM] [Info] Processing block 9...
[12/7/2025, 4:06:19 PM] [Info] Processing block 10...
[12/7/2025, 4:06:19 PM] [Info] Processing block 11...
[12/7/2025, 4:06:19 PM] [Info] Processing block 12...
[12/7/2025, 4:06:19 PM] [Info] Processing block 13...
[12/7/2025, 4:06:19 PM] [Info] Processing block 14...
[12/7/2025, 4:06:19 PM] [Info] Processing block 15...
[12/7/2025, 4:06:19 PM] [Info] Processing block 16...
[12/7/2025, 4:06:19 PM] [Info] Processing block 17...
[12/7/2025, 4:06:19 PM] [Info] Processing block 18...
[12/7/2025, 4:06:19 PM] [Info] Processing block 19...
[12/7/2025, 4:06:19 PM] [Info] Processing block 20...
[12/7/2025, 4:06:19 PM] [Info] Processing block 21...
[12/7/2025, 4:06:19 PM] [Info] Processing block 22...
[12/7/2025, 4:06:19 PM] [Info] Processing block 23...
[12/7/2025, 4:06:19 PM] [Info] Processing block 24...
[12/7/2025, 4:06:19 PM] [Info] Processing block 25...
[12/7/2025, 4:06:19 PM] [Info] Processing block 26...
[12/7/2025, 4:06:19 PM] [Info] Processing block 27...
[12/7/2025, 4:06:19 PM] [Info] Processing block 28...
[12/7/2025, 4:06:19 PM] [Info] Processing block 29...
[12/7/2025, 4:06:19 PM] [Info] Processing block 30...
[12/7/2025, 4:06:19 PM] [Info] Processing block 31...
[12/7/2025, 4:06:19 PM] [Info] Processing block 32...
[12/7/2025, 4:06:19 PM] [Info] Processing block 33...
[12/7/2025, 4:06:19 PM] [Info] Processing block 34...
[12/7/2025, 4:06:19 PM] [Info] Processing block 35...
[12/7/2025, 4:06:19 PM] [Info] Processing block 36...
[12/7/2025, 4:06:19 PM] [Info] Processing block 37...
[12/7/2025, 4:06:19 PM] [Info] Processing block 38...
[12/7/2025, 4:06:19 PM] [Info] Processing block 39...
[12/7/2025, 4:06:19 PM] [Info] Processing block 40...
[12/7/2025, 4:06:19 PM] [Info] Processing block 41...
[12/7/2025, 4:06:19 PM] [Info] Processing block 42...
[12/7/2025, 4:06:19 PM] [Info] Processing block 43...
[12/7/2025, 4:06:19 PM] [Info] Processing block 44...
[12/7/2025, 4:06:19 PM] [Info] Processing block 45...
[12/7/2025, 4:06:19 PM] [Info] Processing block 46...
[12/7/2025, 4:06:19 PM] [Info] Processing block 47...
[12/7/2025, 4:06:19 PM] [Info] Processing block 48...
[12/7/2025, 4:06:19 PM] [Info] Processing block 49...
[12/7/2025, 4:06:20 PM] [Info] Processing block 50...
[12/7/2025, 4:06:20 PM] [Info] Processing block 51...
[12/7/2025, 4:06:20 PM] [Info] Processing block 52...
[12/7/2025, 4:06:20 PM] [Info] Processing block 53...
[12/7/2025, 4:06:20 PM] [Info] Processing block 54...
[12/7/2025, 4:06:20 PM] [Info] Processing block 55...
[12/7/2025, 4:06:20 PM] [Info] Processing block 56...
[12/7/2025, 4:06:20 PM] [Info] Processing block 57...
[12/7/2025, 4:06:20 PM] [Info] Processing block 58...
[12/7/2025, 4:06:20 PM] [Info] Processing block 59...
[12/7/2025, 4:06:20 PM] [Info] Processing block 60...
[12/7/2025, 4:06:20 PM] [Info] Processing block 61...
[12/7/2025, 4:06:20 PM] [Info] Processing block 62...
[12/7/2025, 4:06:20 PM] [Info] Processing block 63...
[12/7/2025, 4:06:20 PM] [Info] Processing block 64...
[12/7/2025, 4:06:20 PM] [Info] Processing block 65...
[12/7/2025, 4:06:20 PM] [Info] Processing block 66...
[12/7/2025, 4:06:20 PM] [Info] Processing block 67...
[12/7/2025, 4:06:20 PM] [Info] Processing block 68...
[12/7/2025, 4:06:20 PM] [Info] Processing block 69...
[12/7/2025, 4:06:20 PM] [Info] Processing block 70...
[12/7/2025, 4:06:20 PM] [Info] Processing block 71...
[12/7/2025, 4:06:20 PM] [Info] Processing block 72...
[12/7/2025, 4:06:20 PM] [Info] Processing block 73...
[12/7/2025, 4:06:20 PM] [Info] Processing block 74...
[12/7/2025, 4:06:20 PM] [Info] Processing block 75...
[12/7/2025, 4:06:20 PM] [Info] Processing block 76...
[12/7/2025, 4:06:20 PM] [Info] Processing block 77...
[12/7/2025, 4:06:20 PM] [Info] Processing block 78...
[12/7/2025, 4:06:20 PM] [Info] Processing block 79...
[12/7/2025, 4:06:20 PM] [Info] Processing block 80...
[12/7/2025, 4:06:20 PM] [Info] Processing block 81...
[12/7/2025, 4:06:20 PM] [Info] Processing block 82...
[12/7/2025, 4:06:20 PM] [Info] Processing block 83...
[12/7/2025, 4:06:20 PM] [Info] Processing block 84...
[12/7/2025, 4:06:20 PM] [Info] Processing block 85...
[12/7/2025, 4:06:20 PM] [Info] Processing block 86...
[12/7/2025, 4:06:20 PM] [Info] Processing block 87...
[12/7/2025, 4:06:20 PM] [Info] Processing block 88...
[12/7/2025, 4:06:20 PM] [Info] Processing block 89...
[12/7/2025, 4:06:20 PM] [Info] Processing block 90...
[12/7/2025, 4:06:20 PM] [Info] Processing block 91...
[12/7/2025, 4:06:20 PM] [Info] Processing block 92...
[12/7/2025, 4:06:20 PM] [Info] Processing block 93...
[12/7/2025, 4:06:20 PM] [Info] Processing block 94...
[12/7/2025, 4:06:20 PM] [Info] Processing block 95...
[12/7/2025, 4:06:20 PM] [Info] Processing block 96...
[12/7/2025, 4:06:20 PM] [Info] Processing block 97...
[12/7/2025, 4:06:20 PM] [Info] Processing block 98...
[12/7/2025, 4:06:20 PM] [Info] Processing block 99...
[12/7/2025, 4:06:20 PM] [Info] Processing block 100...
[12/7/2025, 4:06:20 PM] [Info] Processing block 101...
[12/7/2025, 4:06:20 PM] [Info] Processing block 102...
[12/7/2025, 4:06:20 PM] [Info] Processing block 103...
[12/7/2025, 4:06:20 PM] [Info] Processing block 104...
[12/7/2025, 4:06:20 PM] [Info] Processing block 105...
[12/7/2025, 4:06:20 PM] [Info] Processing block 106...
[12/7/2025, 4:06:20 PM] [Info] Processing block 107...
[12/7/2025, 4:06:20 PM] [Info] Processing block 108...
[12/7/2025, 4:06:20 PM] [Info] Processing block 109...
[12/7/2025, 4:06:20 PM] [Info] Processing block 110...
[12/7/2025, 4:06:20 PM] [Info] Processing block 111...
[12/7/2025, 4:06:20 PM] [Info] Processing block 112...
[12/7/2025, 4:06:20 PM] [Info] Processing block 113...
[12/7/2025, 4:06:20 PM] [Info] Processing block 114...
[12/7/2025, 4:06:20 PM] [Info] Processing block 115...
[12/7/2025, 4:06:20 PM] [Info] Processing block 116...
[12/7/2025, 4:06:20 PM] [Info] Processing block 117...
[12/7/2025, 4:06:20 PM] [Info] Processing block 118...
[12/7/2025, 4:06:20 PM] [Info] Processing block 119...
[12/7/2025, 4:06:20 PM] [Info] Processing block 120...
[12/7/2025, 4:06:20 PM] [Info] Processing block 121...
[12/7/2025, 4:06:20 PM] [Info] Processing block 122...
[12/7/2025, 4:06:20 PM] [Info] Processing block 123...
[12/7/2025, 4:06:20 PM] [Info] Processing block 124...
[12/7/2025, 4:06:20 PM] [Info] Processing block 125...
[12/7/2025, 4:06:20 PM] [Info] Processing block 126...
[12/7/2025, 4:06:20 PM] [Info] Processing block 127...
[12/7/2025, 4:06:20 PM] [Info] Processing block 128...
[12/7/2025, 4:06:20 PM] [Info] Processing block 129...
[12/7/2025, 4:06:20 PM] [Info] Processing block 130...
[12/7/2025, 4:06:20 PM] [Info] Processing block 131...
[12/7/2025, 4:06:20 PM] [Info] Processing block 132...
[12/7/2025, 4:06:20 PM] [Info] Processing block 133...
[12/7/2025, 4:06:20 PM] [Info] Processing block 134...
[12/7/2025, 4:06:20 PM] [Info] Processing block 135...
[12/7/2025, 4:06:20 PM] [Info] Processing block 136...
[12/7/2025, 4:06:20 PM] [Info] Processing block 137...
[12/7/2025, 4:06:20 PM] [Info] Processing block 138...
[12/7/2025, 4:06:20 PM] [Info] Processing block 139...
[12/7/2025, 4:06:20 PM] [Info] Processing block 140...
[12/7/2025, 4:06:20 PM] [Info] Processing block 141...
[12/7/2025, 4:06:20 PM] [Info] Processing block 142...
[12/7/2025, 4:06:20 PM] [Info] Processing block 143...
[12/7/2025, 4:06:20 PM] [Info] Processing block 144...
[12/7/2025, 4:06:20 PM] [Info] Processing block 145...
[12/7/2025, 4:06:20 PM] [Info] Processing block 146...
[12/7/2025, 4:06:20 PM] [Info] Processing block 147...
[12/7/2025, 4:06:20 PM] [Info] Processing block 148...
[12/7/2025, 4:06:21 PM] [Info] Processing block 149...
[12/7/2025, 4:06:21 PM] [Info] Processing block 150...
[12/7/2025, 4:06:21 PM] [Info] Processing block 151...
[12/7/2025, 4:06:21 PM] [Info] Processing block 152...
[12/7/2025, 4:06:21 PM] [Info] Processing block 153...
[12/7/2025, 4:06:21 PM] [Info] Processing block 154...
[12/7/2025, 4:06:21 PM] [Info] Processing block 155...
[12/7/2025, 4:06:21 PM] [Info] Processing block 156...
[12/7/2025, 4:06:21 PM] [Info] Processing block 157...
[12/7/2025, 4:06:21 PM] [Info] Processing block 158...
[12/7/2025, 4:06:21 PM] [Info] Processing block 159...
[12/7/2025, 4:06:21 PM] [Info] Processing block 160...
[12/7/2025, 4:06:21 PM] [Info] Processing block 161...
[12/7/2025, 4:06:21 PM] [Info] Processing block 162...
[12/7/2025, 4:06:21 PM] [Info] Processing block 163...
[12/7/2025, 4:06:21 PM] [Info] Processing block 164...
[12/7/2025, 4:06:21 PM] [Info] Processing block 165...
[12/7/2025, 4:06:21 PM] [Info] Processing block 166...
[12/7/2025, 4:06:21 PM] [Info] Processing block 167...
[12/7/2025, 4:06:21 PM] [Info] Processing block 168...
[12/7/2025, 4:06:21 PM] [Info] Processing block 169...
[12/7/2025, 4:06:21 PM] [Info] Processing block 170...
[12/7/2025, 4:06:21 PM] [Info] Processing block 171...
[12/7/2025, 4:06:21 PM] [Info] Processing block 172...
[12/7/2025, 4:06:21 PM] [Info] Processing block 173...
[12/7/2025, 4:06:21 PM] [Info] Processing block 174...
[12/7/2025, 4:06:21 PM] [Info] Processing block 175...
[12/7/2025, 4:06:21 PM] [Info] Processing block 176...
[12/7/2025, 4:06:21 PM] [Info] Processing block 177...
[12/7/2025, 4:06:21 PM] [Info] Processing block 178...
[12/7/2025, 4:06:21 PM] [Info] Processing block 179...
[12/7/2025, 4:06:21 PM] [Info] Processing block 180...
[12/7/2025, 4:06:21 PM] [Info] Processing block 181...
[12/7/2025, 4:06:21 PM] [Info] Processing block 182...
[12/7/2025, 4:06:21 PM] [Info] Processing block 183...
[12/7/2025, 4:06:21 PM] [Info] Processing block 184...
[12/7/2025, 4:06:21 PM] [Info] Processing block 185...
[12/7/2025, 4:06:21 PM] [Info] Processing block 186...
[12/7/2025, 4:06:21 PM] [Info] Processing block 187...
[12/7/2025, 4:06:21 PM] [Info] Processing block 188...
[12/7/2025, 4:06:21 PM] [Info] Processing block 189...
[12/7/2025, 4:06:21 PM] [Info] Processing block 190...
[12/7/2025, 4:06:21 PM] [Info] Processing block 191...
[12/7/2025, 4:06:21 PM] [Info] Processing block 192...
[12/7/2025, 4:06:21 PM] [Info] Processing block 193...
[12/7/2025, 4:06:21 PM] [Info] Processing block 194...
[12/7/2025, 4:06:21 PM] [Info] Processing block 195...
[12/7/2025, 4:06:21 PM] [Info] Processing block 196...
[12/7/2025, 4:06:21 PM] [Info] Processing block 197...
[12/7/2025, 4:06:21 PM] [Info] Processing block 198...
[12/7/2025, 4:06:21 PM] [Info] Processing block 199...
[12/7/2025, 4:06:21 PM] [Info] Processing block 200...
[12/7/2025, 4:06:21 PM] [Info] Processing block 201...
[12/7/2025, 4:06:21 PM] [Info] Processing block 202...
[12/7/2025, 4:06:21 PM] [Info] Processing block 203...
[12/7/2025, 4:06:21 PM] [Info] Processing block 204...
[12/7/2025, 4:06:21 PM] [Info] Processing block 205...
[12/7/2025, 4:06:21 PM] [Info] Processing block 206...
[12/7/2025, 4:06:21 PM] [Info] Processing block 207...
[12/7/2025, 4:06:21 PM] [Info] Processing block 208...
[12/7/2025, 4:06:21 PM] [Info] Processing block 209...
[12/7/2025, 4:06:21 PM] [Info] Processing block 210...
[12/7/2025, 4:06:21 PM] [Info] Processing block 211...
[12/7/2025, 4:06:21 PM] [Info] Processing block 212...
[12/7/2025, 4:06:21 PM] [Info] Processing block 213...
[12/7/2025, 4:06:21 PM] [Info] Processing block 214...
[12/7/2025, 4:06:21 PM] [Info] Processing block 215...
[12/7/2025, 4:06:21 PM] [Info] Processing block 216...
[12/7/2025, 4:06:21 PM] [Info] Processing block 217...
[12/7/2025, 4:06:21 PM] [Info] Processing block 218...
[12/7/2025, 4:06:21 PM] [Info] Processing block 219...
[12/7/2025, 4:06:21 PM] [Info] Processing block 220...
[12/7/2025, 4:06:21 PM] [Info] Processing block 221...
[12/7/2025, 4:06:21 PM] [Info] Processing block 222...
[12/7/2025, 4:06:21 PM] [Info] Processing block 223...
[12/7/2025, 4:06:21 PM] [Info] Processing block 224...
[12/7/2025, 4:06:21 PM] [Info] Processing block 225...
[12/7/2025, 4:06:21 PM] [Info] Processing block 226...
[12/7/2025, 4:06:21 PM] [Info] Processing block 227...
[12/7/2025, 4:06:21 PM] [Info] Processing block 228...
[12/7/2025, 4:06:21 PM] [Info] Processing block 229...
[12/7/2025, 4:06:21 PM] [Info] Processing block 230...
[12/7/2025, 4:06:21 PM] [Info] Processing block 231...
[12/7/2025, 4:06:21 PM] [Info] Processing block 232...
[12/7/2025, 4:06:21 PM] [Info] Processing block 233...
[12/7/2025, 4:06:21 PM] [Info] Processing block 234...
[12/7/2025, 4:06:21 PM] [Info] Processing block 235...
[12/7/2025, 4:06:21 PM] [Info] Processing block 236...
[12/7/2025, 4:06:21 PM] [Info] Processing block 237...
[12/7/2025, 4:06:21 PM] [Info] Processing block 238...
[12/7/2025, 4:06:21 PM] [Info] Processing block 239...
[12/7/2025, 4:06:21 PM] [Info] Processing block 240...
[12/7/2025, 4:06:21 PM] [Info] Processing block 241...
[12/7/2025, 4:06:21 PM] [Info] Processing block 242...
[12/7/2025, 4:06:21 PM] [Info] Processing block 243...
[12/7/2025, 4:06:21 PM] [Info] Processing block 244...
[12/7/2025, 4:06:21 PM] [Info] Processing block 245...
[12/7/2025, 4:06:22 PM] [Info] Processing block 246...
[12/7/2025, 4:06:22 PM] [Info] Processing block 247...
[12/7/2025, 4:06:22 PM] [Info] Processing block 248...
[12/7/2025, 4:06:22 PM] [Info] Processing block 249...
[12/7/2025, 4:06:22 PM] [Info] Processing block 250...
[12/7/2025, 4:06:22 PM] [Info] Processing block 251...
[12/7/2025, 4:06:22 PM] [Info] Processing block 252...
[12/7/2025, 4:06:22 PM] [Info] Processing block 253...
[12/7/2025, 4:06:22 PM] [Info] Processing block 254...
[12/7/2025, 4:06:22 PM] [Info] Processing block 255...
[12/7/2025, 4:06:22 PM] [Info] Processing block 256...
[12/7/2025, 4:06:22 PM] [Info] Processing block 257...
[12/7/2025, 4:06:22 PM] [Info] Processing block 258...
[12/7/2025, 4:06:22 PM] [Info] Processing block 259...
[12/7/2025, 4:06:22 PM] [Info] Processing block 260...
[12/7/2025, 4:06:22 PM] [Info] Processing block 261...
[12/7/2025, 4:06:22 PM] [Info] Processing block 262...
[12/7/2025, 4:06:22 PM] [Info] Processing block 263...
[12/7/2025, 4:06:22 PM] [Info] Processing block 264...
[12/7/2025, 4:06:22 PM] [Info] Processing block 265...
[12/7/2025, 4:06:22 PM] [Info] Processing block 266...
[12/7/2025, 4:06:22 PM] [Info] Processing block 267...
[12/7/2025, 4:06:22 PM] [Info] Processing block 268...
[12/7/2025, 4:06:22 PM] [Info] Processing block 269...
[12/7/2025, 4:06:22 PM] [Info] Processing block 270...
[12/7/2025, 4:06:22 PM] [Info] Processing block 271...
[12/7/2025, 4:06:22 PM] [Info] Processing block 272...
[12/7/2025, 4:06:22 PM] [Info] Processing block 273...
[12/7/2025, 4:06:22 PM] [Info] Processing block 274...
[12/7/2025, 4:06:22 PM] [Info] Processing block 275...
[12/7/2025, 4:06:22 PM] [Info] Processing block 276...
[12/7/2025, 4:06:22 PM] [Info] Processing block 277...
[12/7/2025, 4:06:22 PM] [Info] Processing block 278...
[12/7/2025, 4:06:22 PM] [Info] Processing block 279...
[12/7/2025, 4:06:22 PM] [Info] Processing block 280...
[12/7/2025, 4:06:22 PM] [Info] Processing block 281...
[12/7/2025, 4:06:22 PM] [Info] Processing block 282...
[12/7/2025, 4:06:22 PM] [Info] Processing block 283...
[12/7/2025, 4:06:22 PM] [Info] Processing block 284...
[12/7/2025, 4:06:22 PM] [Info] Processing block 285...
[12/7/2025, 4:06:22 PM] [Info] Processing block 286...
[12/7/2025, 4:06:22 PM] [Info] Processing block 287...
[12/7/2025, 4:06:22 PM] [Info] Processing block 288...
[12/7/2025, 4:06:22 PM] [Info] Processing block 289...
[12/7/2025, 4:06:22 PM] [Info] Processing block 290...
[12/7/2025, 4:06:22 PM] [Info] Processing block 291...
[12/7/2025, 4:06:22 PM] [Info] Processing block 292...
[12/7/2025, 4:06:22 PM] [Info] Processing block 293...
[12/7/2025, 4:06:22 PM] [Info] Processing block 294...
[12/7/2025, 4:06:22 PM] [Info] Processing block 295...
[12/7/2025, 4:06:22 PM] [Info] Processing block 296...
[12/7/2025, 4:06:22 PM] [Info] Processing block 297...
[12/7/2025, 4:06:22 PM] [Info] Processing block 298...
[12/7/2025, 4:06:22 PM] [Info] Processing block 299...
[12/7/2025, 4:06:22 PM] [Info] Processing block 300...
[12/7/2025, 4:06:22 PM] [Info] Processing block 301...
[12/7/2025, 4:06:22 PM] [Info] Processing block 302...
[12/7/2025, 4:06:22 PM] [Info] Processing block 303...
[12/7/2025, 4:06:22 PM] [Info] Processing block 304...
[12/7/2025, 4:06:22 PM] [Info] Processing block 305...
[12/7/2025, 4:06:22 PM] [Info] Processing block 306...
[12/7/2025, 4:06:22 PM] [Info] Processing block 307...
[12/7/2025, 4:06:22 PM] [Info] Processing block 308...
[12/7/2025, 4:06:22 PM] [Info] Processing block 309...
[12/7/2025, 4:06:22 PM] [Info] Processing block 310...
[12/7/2025, 4:06:22 PM] [Info] Processing block 311...
[12/7/2025, 4:06:22 PM] [Info] Processing block 312...
[12/7/2025, 4:06:22 PM] [Info] Processing block 313...
[12/7/2025, 4:06:22 PM] [Info] Processing block 314...
[12/7/2025, 4:06:22 PM] [Info] Processing block 315...
[12/7/2025, 4:06:22 PM] [Info] Processing block 316...
[12/7/2025, 4:06:22 PM] [Info] Processing block 317...
[12/7/2025, 4:06:22 PM] [Info] Processing block 318...
[12/7/2025, 4:06:22 PM] [Info] Processing block 319...
[12/7/2025, 4:06:22 PM] [Info] Processing block 320...
[12/7/2025, 4:06:22 PM] [Info] Processing block 321...
[12/7/2025, 4:06:22 PM] [Info] Processing block 322...
[12/7/2025, 4:06:22 PM] [Info] Processing block 323...
[12/7/2025, 4:06:22 PM] [Info] Processing block 324...
[12/7/2025, 4:06:22 PM] [Info] Processing block 325...
[12/7/2025, 4:06:22 PM] [Info] Processing block 326...
[12/7/2025, 4:06:22 PM] [Info] Processing block 327...
[12/7/2025, 4:06:22 PM] [Info] Processing block 328...
[12/7/2025, 4:06:22 PM] [Info] Processing block 329...
[12/7/2025, 4:06:22 PM] [Info] Processing block 330...
[12/7/2025, 4:06:22 PM] [Info] Processing block 331...
[12/7/2025, 4:06:22 PM] [Info] Processing block 332...
[12/7/2025, 4:06:22 PM] [Info] Processing block 333...
[12/7/2025, 4:06:22 PM] [Info] Processing block 334...
[12/7/2025, 4:06:22 PM] [Info] Processing block 335...
[12/7/2025, 4:06:22 PM] [Info] Processing block 336...
[12/7/2025, 4:06:23 PM] [Info] Processing block 337...
[12/7/2025, 4:06:23 PM] [Info] Processing block 338...
[12/7/2025, 4:06:23 PM] [Info] Processing block 339...
[12/7/2025, 4:06:23 PM] [Info] Processing block 340...
[12/7/2025, 4:06:23 PM] [Info] Processing block 341...
[12/7/2025, 4:06:23 PM] [Info] Processing block 342...
[12/7/2025, 4:06:23 PM] [Info] Processing block 343...
[12/7/2025, 4:06:23 PM] [Info] Processing block 344...
[12/7/2025, 4:06:23 PM] [Info] Processing block 345...
[12/7/2025, 4:06:23 PM] [Info] Processing block 346...
[12/7/2025, 4:06:23 PM] [Info] Processing block 347...
[12/7/2025, 4:06:23 PM] [Info] Processing block 348...
[12/7/2025, 4:06:23 PM] [Info] Processing block 349...
[12/7/2025, 4:06:23 PM] [Info] Processing block 350...
[12/7/2025, 4:06:23 PM] [Info] Processing block 351...
[12/7/2025, 4:06:23 PM] [Info] Processing block 352...
[12/7/2025, 4:06:23 PM] [Info] Processing block 353...
[12/7/2025, 4:06:23 PM] [Info] Processing block 354...
[12/7/2025, 4:06:23 PM] [Info] Processing block 355...
[12/7/2025, 4:06:23 PM] [Info] Processing block 356...
[12/7/2025, 4:06:23 PM] [Info] Processing block 357...
[12/7/2025, 4:06:23 PM] [Info] Processing block 358...
[12/7/2025, 4:06:23 PM] [Info] Processing block 359...
[12/7/2025, 4:06:23 PM] [Info] Processing block 360...
[12/7/2025, 4:06:23 PM] [Info] Processing block 361...
[12/7/2025, 4:06:23 PM] [Info] Processing block 362...
[12/7/2025, 4:06:23 PM] [Info] Processing block 363...
[12/7/2025, 4:06:23 PM] [Info] Processing block 364...
[12/7/2025, 4:06:23 PM] [Info] Processing block 365...
[12/7/2025, 4:06:23 PM] [Info] Processing block 366...
[12/7/2025, 4:06:23 PM] [Info] Processing block 367...
[12/7/2025, 4:06:23 PM] [Info] Processing block 368...
[12/7/2025, 4:06:23 PM] [Info] Processing block 369...
[12/7/2025, 4:06:23 PM] [Info] Processing block 370...
[12/7/2025, 4:06:23 PM] [Info] Processing block 371...
[12/7/2025, 4:06:23 PM] [Info] Processing block 372...
[12/7/2025, 4:06:23 PM] [Info] Processing block 373...
[12/7/2025, 4:06:23 PM] [Info] Processing block 374...
[12/7/2025, 4:06:23 PM] [Info] Processing block 375...
[12/7/2025, 4:06:23 PM] [Info] Processing block 376...
[12/7/2025, 4:06:23 PM] [Info] Processing block 377...
[12/7/2025, 4:06:23 PM] [Info] Processing block 378...
[12/7/2025, 4:06:23 PM] [Info] Processing block 379...
[12/7/2025, 4:06:23 PM] [Info] Processing block 380...
[12/7/2025, 4:06:23 PM] [Info] Processing block 381...
[12/7/2025, 4:06:23 PM] [Info] Processing block 382...
[12/7/2025, 4:06:23 PM] [Info] Processing block 383...
[12/7/2025, 4:06:23 PM] [Info] Processing block 384...
[12/7/2025, 4:06:23 PM] [Info] Processing block 385...
[12/7/2025, 4:06:23 PM] [Info] Processing block 386...
[12/7/2025, 4:06:23 PM] [Info] Processing block 387...
[12/7/2025, 4:06:23 PM] [Info] Processing block 388...
[12/7/2025, 4:06:23 PM] [Info] Processing block 389...
[12/7/2025, 4:06:23 PM] [Info] Processing block 390...
[12/7/2025, 4:06:23 PM] [Info] Processing block 391...
[12/7/2025, 4:06:23 PM] [Info] Processing block 392...
[12/7/2025, 4:06:23 PM] [Info] Processing block 393...
[12/7/2025, 4:06:23 PM] [Info] Processing block 394...
[12/7/2025, 4:06:23 PM] [Info] Processing block 395...
[12/7/2025, 4:06:23 PM] [Info] Processing block 396...
[12/7/2025, 4:06:23 PM] [Info] Processing block 397...
[12/7/2025, 4:06:23 PM] [Info] Processing block 398...
[12/7/2025, 4:06:23 PM] [Info] Processing block 399...
[12/7/2025, 4:06:23 PM] [Info] Processing block 400...
[12/7/2025, 4:06:23 PM] [Info] Processing block 401...
[12/7/2025, 4:06:24 PM] [Info] Processing block 402...
[12/7/2025, 4:06:24 PM] [Info] Processing block 403...
[12/7/2025, 4:06:24 PM] [Info] Processing block 404...
[12/7/2025, 4:06:24 PM] [Info] Processing block 405...
[12/7/2025, 4:06:24 PM] [Info] Processing block 406...
[12/7/2025, 4:06:24 PM] [Info] Processing block 407...
[12/7/2025, 4:06:24 PM] [Info] Processing block 408...
[12/7/2025, 4:06:24 PM] [Info] Processing block 409...
[12/7/2025, 4:06:24 PM] [Info] Processing block 410...
[12/7/2025, 4:06:24 PM] [Info] Processing block 411...
[12/7/2025, 4:06:24 PM] [Info] Processing block 412...
[12/7/2025, 4:06:24 PM] [Info] Processing block 413...
[12/7/2025, 4:06:24 PM] [Info] Processing block 414...
[12/7/2025, 4:06:24 PM] [Info] Processing block 415...
[12/7/2025, 4:06:24 PM] [Info] Processing block 416...
[12/7/2025, 4:06:24 PM] [Info] Processing block 417...
[12/7/2025, 4:06:24 PM] [Info] Processing block 418...
[12/7/2025, 4:06:24 PM] [Info] Processing block 419...
[12/7/2025, 4:06:24 PM] [Info] Processing block 420...
[12/7/2025, 4:06:24 PM] [Info] Processing block 421...
[12/7/2025, 4:06:24 PM] [Info] Processing block 422...
[12/7/2025, 4:06:24 PM] [Info] Processing block 423...
[12/7/2025, 4:06:24 PM] [Info] Processing block 424...
[12/7/2025, 4:06:24 PM] [Info] Processing block 425...
[12/7/2025, 4:06:24 PM] [Info] Processing block 426...
[12/7/2025, 4:06:24 PM] [Info] Processing block 427...
[12/7/2025, 4:06:24 PM] [Info] Processing block 428...
[12/7/2025, 4:06:24 PM] [Info] Processing block 429...
[12/7/2025, 4:06:24 PM] [Info] Processing block 430...
[12/7/2025, 4:06:24 PM] [Info] Processing block 431...
[12/7/2025, 4:06:24 PM] [Info] Processing block 432...
[12/7/2025, 4:06:24 PM] [Info] Processing block 433...
[12/7/2025, 4:06:24 PM] [Info] Processing block 434...
[12/7/2025, 4:06:24 PM] [Info] Processing block 435...
[12/7/2025, 4:06:24 PM] [Info] Processing block 436...
[12/7/2025, 4:06:24 PM] [Info] Processing block 437...
[12/7/2025, 4:06:24 PM] [Info] Processing block 438...
[12/7/2025, 4:06:24 PM] [Info] Processing block 439...
[12/7/2025, 4:06:24 PM] [Info] Processing block 440...
[12/7/2025, 4:06:24 PM] [Info] Processing block 441...
[12/7/2025, 4:06:24 PM] [Info] Processing block 442...
[12/7/2025, 4:06:24 PM] [Info] Processing block 443...
[12/7/2025, 4:06:24 PM] [Info] Processing block 444...
[12/7/2025, 4:06:24 PM] [Info] Processing block 445...
[12/7/2025, 4:06:24 PM] [Info] Processing block 446...
[12/7/2025, 4:06:24 PM] [Info] Processing block 447...
[12/7/2025, 4:06:24 PM] [Info] Processing block 448...
[12/7/2025, 4:06:24 PM] [Info] Processing block 449...
[12/7/2025, 4:06:24 PM] [Info] Processing block 450...
[12/7/2025, 4:06:24 PM] [Info] Processing block 451...
[12/7/2025, 4:06:24 PM] [Info] Processing block 452...
[12/7/2025, 4:06:24 PM] [Info] Processing block 453...
[12/7/2025, 4:06:24 PM] [Info] Processing block 454...
[12/7/2025, 4:06:25 PM] [Info] Processing block 455...
[12/7/2025, 4:06:25 PM] [Info] Processing block 456...
[12/7/2025, 4:06:25 PM] [Info] Processing block 457...
[12/7/2025, 4:06:25 PM] [Info] Processing block 458...
[12/7/2025, 4:06:25 PM] [Info] Processing block 459...
[12/7/2025, 4:06:25 PM] [Info] Processing block 460...
[12/7/2025, 4:06:25 PM] [Info] Processing block 461...
[12/7/2025, 4:06:25 PM] [Info] Processing block 462...
[12/7/2025, 4:06:25 PM] [Info] Processing block 463...
[12/7/2025, 4:06:25 PM] [Info] Processing block 464...
[12/7/2025, 4:06:25 PM] [Info] Processing block 465...
[12/7/2025, 4:06:25 PM] [Info] Processing block 466...
[12/7/2025, 4:06:25 PM] [Info] Processing block 467...
[12/7/2025, 4:06:25 PM] [Info] Processing block 468...
[12/7/2025, 4:06:25 PM] [Info] Processing block 469...
